<?xml version="1.0" encoding="UTF-8"?>
<testsuite name="com.test.Properties" tests="1" skipped="1" failures="0" errors="0" timestamp="2019-10-15T08:36:40" hostname="jenkins04" time="0.0">
  <properties>
    <property name="key" value="value"/>
  </properties>
  <testcase name="systemErrSystemOut" classname="com.test.Properties" time="0.0">
    <skipped/>
  </testcase>
  <system-out />
  <system-err />
</testsuite>
