<?xml version="1.0" encoding="UTF-8"?>
<testsuite name="com.test.FailedWithMessage" tests="1" skipped="0" failures="1" errors="0" timestamp="2019-10-15T08:37:28" hostname="jenkins04" time="0.0">
  <properties/>
  <testcase name="failedTest" classname="com.test.FailedWithMessage" time="0.0">
    <failure message="There was a failure"/>
  </testcase>
  <system-out><![CDATA[]]></system-out>
  <system-err><![CDATA[]]></system-err>
</testsuite>
