<?xml version="1.0" encoding="UTF-8"?>                                                                                                                                                                                                                         
<testsuite name="com.test.SkippedTest" tests="1" skipped="1" failures="0" errors="0" timestamp="2019-10-15T08:37:28" hostname="jenkins04" time="0.0">
  <properties/>
  <testcase name="skippedTest" classname="com.test.SkippedTest" time="0.0">
    <skipped/>
  </testcase>
  <system-out><![CDATA[]]></system-out>
  <system-err><![CDATA[]]></system-err>
</testsuite>
