<?xml version="1.0" encoding="UTF-8"?>
<testsuite name="com.moowork.gradle.node.yarn.YarnSetupTaskTest" tests="2" skipped="0" failures="0" errors="0" timestamp="2019-10-15T09:06:24" hostname="jenkins08" time="9.99">
  <properties/>
  <testcase name="exec yarnSetup task" classname="com.moowork.gradle.node.yarn.YarnSetupTaskTest" time="9.883"/>
  <testcase name="exec yarnSetup task (version specified)" classname="com.moowork.gradle.node.yarn.YarnSetupTaskTest" time="0.106"/>
  <system-out><![CDATA[]]></system-out>
  <system-err><![CDATA[]]></system-err>
</testsuite>
