<?xml version="1.0" encoding="UTF-8"?>
<testsuite name="com.moowork.gradle.node.npm.NpmSetupTaskTest" tests="2" skipped="0" failures="0" errors="0" timestamp="2019-10-15T09:12:11" hostname="jenkins08" time="2.18">
  <properties/>
  <testcase name="exec npmSetup task" classname="com.moowork.gradle.node.npm.NpmSetupTaskTest" time="2.143"/>
  <testcase name="exec npmSetup task (version specified)" classname="com.moowork.gradle.node.npm.NpmSetupTaskTest" time="0.037"/>
  <system-out><![CDATA[]]></system-out>
  <system-err><![CDATA[]]></system-err>
</testsuite>
