<?xml version="1.0" encoding="UTF-8"?>
<testsuite name="com.moowork.gradle.node.yarn.YarnTaskTest" tests="2" skipped="0" failures="0" errors="0" timestamp="2019-10-15T09:07:40" hostname="jenkins08" time="5.922">
  <properties/>
  <testcase name="exec yarn task" classname="com.moowork.gradle.node.yarn.YarnTaskTest" time="5.804"/>
  <testcase name="exec yarn task (download)" classname="com.moowork.gradle.node.yarn.YarnTaskTest" time="0.118"/>
  <system-out><![CDATA[]]></system-out>
  <system-err><![CDATA[]]></system-err>
</testsuite>
