<?xml version="1.0" encoding="UTF-8"?>
<testsuite name="com.moowork.gradle.node.npm.NpmTaskTest" tests="3" skipped="0" failures="0" errors="0" timestamp="2019-10-15T09:07:46" hostname="jenkins08" time="0.374">
  <properties/>
  <testcase name="exec npm task" classname="com.moowork.gradle.node.npm.NpmTaskTest" time="0.14"/>
  <testcase name="exec npm task (windows)" classname="com.moowork.gradle.node.npm.NpmTaskTest" time="0.129"/>
  <testcase name="exec npm task (download)" classname="com.moowork.gradle.node.npm.NpmTaskTest" time="0.104"/>
  <system-out><![CDATA[]]></system-out>
  <system-err><![CDATA[]]></system-err>
</testsuite>
