<?xml version="1.0" encoding="UTF-8"?>
<testsuite name="com.moowork.gradle.node.task.NodeTaskTest" tests="5" skipped="0" failures="0" errors="0" timestamp="2019-10-15T09:06:34" hostname="jenkins08" time="0.548">
  <properties/>
  <testcase name="script not set" classname="com.moowork.gradle.node.task.NodeTaskTest" time="0.075"/>
  <testcase name="exec node task" classname="com.moowork.gradle.node.task.NodeTaskTest" time="0.062"/>
  <testcase name="exec node task (download)" classname="com.moowork.gradle.node.task.NodeTaskTest" time="0.129"/>
  <testcase name="exec node task (windows)" classname="com.moowork.gradle.node.task.NodeTaskTest" time="0.134"/>
  <testcase name="exec node task (windows download)" classname="com.moowork.gradle.node.task.NodeTaskTest" time="0.146"/>
  <system-out><![CDATA[]]></system-out>
  <system-err><![CDATA[]]></system-err>
</testsuite>
